Build started 2/28/2013 4:50:40 PM.
     1>Project "C:\Users\abr\Recommender\Recommender\msvc\LibRecommender\LibRecommender.vcxproj" on node 2 (rebuild target(s)).
     1>_PrepareForClean:
         Deleting file "x64\Debug\LibRecommender.lastbuildstate".
       InitializeBuildStatus:
         Creating "x64\Debug\LibRecommender.unsuccessfulbuild" because "AlwaysCreate" was specified.
       ClCompile:
         c:\Program Files (x86)\Microsoft Visual Studio 10.0\VC\bin\x86_amd64\CL.exe /c /Zi /nologo /W3 /WX- /Od /D WIN32 /D _DEBUG /D _LIB /D _UNICODE /D UNICODE /Gm /EHsc /RTC1 /MDd /GS /fp:precise /Zc:wchar_t /Zc:forScope /Fo"x64\Debug\\" /Fd"x64\Debug\vc100.pdb" /Gd /TC /errorReport:prompt ..\..\float_tester.c ..\..\learned_factors.c ..\..\matrix_factorization.c ..\..\matrix_factorization_bias.c ..\..\projection.c ..\..\projection_family.c ..\..\recommended_items.c ..\..\recommender.c ..\..\red_black_tree.c ..\..\sparse_matrix.c ..\..\sparse_matrix_hash.c ..\..\standard_normal.c ..\..\training_set.c ..\..\utils.c
         utils.c
         training_set.c
         standard_normal.c
         sparse_matrix_hash.c
     1>..\..\sparse_matrix_hash.c(29): warning C4267: 'initializing' : conversion from 'size_t' to 'int', possible loss of data
         sparse_matrix.c
         red_black_tree.c
         recommender.c
         recommended_items.c
         projection_family.c
     1>..\..\projection_family.c(7): warning C4028: formal parameter 4 different from declaration
         projection.c
     1>..\..\projection.c(11): warning C4028: formal parameter 1 different from declaration
     1>..\..\projection.c(42): warning C4028: formal parameter 1 different from declaration
         matrix_factorization_bias.c
         matrix_factorization.c
         learned_factors.c
         float_tester.c
         Generating Code...
       Lib:
         c:\Program Files (x86)\Microsoft Visual Studio 10.0\VC\bin\x86_amd64\Lib.exe /OUT:"C:\Users\abr\Recommender\Recommender\msvc\x64\Debug\LibRecommender.lib" /NOLOGO x64\Debug\float_tester.obj
         x64\Debug\learned_factors.obj
         x64\Debug\matrix_factorization.obj
         x64\Debug\matrix_factorization_bias.obj
         x64\Debug\projection.obj
         x64\Debug\projection_family.obj
         x64\Debug\recommended_items.obj
         x64\Debug\recommender.obj
         x64\Debug\red_black_tree.obj
         x64\Debug\sparse_matrix.obj
         x64\Debug\sparse_matrix_hash.obj
         x64\Debug\standard_normal.obj
         x64\Debug\training_set.obj
         x64\Debug\utils.obj
         LibRecommender.vcxproj -> C:\Users\abr\Recommender\Recommender\msvc\x64\Debug\LibRecommender.lib
       FinalizeBuildStatus:
         Deleting file "x64\Debug\LibRecommender.unsuccessfulbuild".
         Touching "x64\Debug\LibRecommender.lastbuildstate".
     1>Done Building Project "C:\Users\abr\Recommender\Recommender\msvc\LibRecommender\LibRecommender.vcxproj" (rebuild target(s)).

Build succeeded.

Time Elapsed 00:00:00.79
