C:\USERS\ABR\RECOMMENDER\RECOMMENDER\MSVC\DEBUG\SHUFFLE.EXE
C:\USERS\ABR\RECOMMENDER\RECOMMENDER\MSVC\DEBUG\SHUFFLE.ILK
C:\USERS\ABR\RECOMMENDER\RECOMMENDER\MSVC\DEBUG\SHUFFLE.PDB
C:\Users\abr\Recommender\Recommender\msvc\Shuffle\Debug\cl.command.1.tlog
C:\Users\abr\Recommender\Recommender\msvc\Shuffle\Debug\CL.read.1.tlog
C:\Users\abr\Recommender\Recommender\msvc\Shuffle\Debug\CL.write.1.tlog
C:\Users\abr\Recommender\Recommender\msvc\Shuffle\Debug\link.1520.read.1.tlog
C:\Users\abr\Recommender\Recommender\msvc\Shuffle\Debug\link.1520.write.1.tlog
C:\Users\abr\Recommender\Recommender\msvc\Shuffle\Debug\link.1520-cvtres.read.1.tlog
C:\Users\abr\Recommender\Recommender\msvc\Shuffle\Debug\link.1520-cvtres.write.1.tlog
C:\Users\abr\Recommender\Recommender\msvc\Shuffle\Debug\link.command.1.tlog
C:\Users\abr\Recommender\Recommender\msvc\Shuffle\Debug\link.read.1.tlog
C:\Users\abr\Recommender\Recommender\msvc\Shuffle\Debug\link.write.1.tlog
C:\Users\abr\Recommender\Recommender\msvc\Shuffle\Debug\link-cvtres.read.1.tlog
C:\Users\abr\Recommender\Recommender\msvc\Shuffle\Debug\link-cvtres.write.1.tlog
C:\Users\abr\Recommender\Recommender\msvc\Shuffle\Debug\mt.command.1.tlog
C:\Users\abr\Recommender\Recommender\msvc\Shuffle\Debug\mt.read.1.tlog
C:\Users\abr\Recommender\Recommender\msvc\Shuffle\Debug\mt.write.1.tlog
C:\USERS\ABR\RECOMMENDER\RECOMMENDER\MSVC\SHUFFLE\DEBUG\RATING.OBJ
C:\Users\abr\Recommender\Recommender\msvc\Shuffle\Debug\rc.command.1.tlog
C:\Users\abr\Recommender\Recommender\msvc\Shuffle\Debug\rc.read.1.tlog
C:\Users\abr\Recommender\Recommender\msvc\Shuffle\Debug\rc.write.1.tlog
C:\USERS\ABR\RECOMMENDER\RECOMMENDER\MSVC\SHUFFLE\DEBUG\SHUFFLE.EXE.EMBED.MANIFEST
C:\USERS\ABR\RECOMMENDER\RECOMMENDER\MSVC\SHUFFLE\DEBUG\SHUFFLE.EXE.EMBED.MANIFEST.RES
C:\USERS\ABR\RECOMMENDER\RECOMMENDER\MSVC\SHUFFLE\DEBUG\SHUFFLE.EXE.INTERMEDIATE.MANIFEST
C:\USERS\ABR\RECOMMENDER\RECOMMENDER\MSVC\SHUFFLE\DEBUG\SHUFFLE.OBJ
C:\Users\abr\Recommender\Recommender\msvc\Shuffle\Debug\Shuffle_manifest.rc
C:\Users\abr\Recommender\Recommender\msvc\Shuffle\Debug\vc100.idb
C:\USERS\ABR\RECOMMENDER\RECOMMENDER\MSVC\SHUFFLE\DEBUG\VC100.PDB
