Build started 2/28/2013 4:06:17 PM.
     1>Project "C:\Users\abr\Recommender\Recommender\msvc\Shuffle\Shuffle.vcxproj" on node 3 (rebuild target(s)).
     1>_PrepareForClean:
         Deleting file "Debug\Shuffle.lastbuildstate".
       InitializeBuildStatus:
         Creating "Debug\Shuffle.unsuccessfulbuild" because "AlwaysCreate" was specified.
       ClCompile:
         c:\Program Files (x86)\Microsoft Visual Studio 10.0\VC\bin\CL.exe /c /ZI /nologo /W3 /WX- /Od /Oy- /D WIN32 /D _DEBUG /D _CONSOLE /D _UNICODE /D UNICODE /Gm /EHsc /RTC1 /MDd /GS /fp:precise /Zc:wchar_t /Zc:forScope /Fo"Debug\\" /Fd"Debug\vc100.pdb" /Gd /TC /analyze- /errorReport:prompt rating.c shuffle.c
         shuffle.c
     1>c:\users\abr\recommender\recommender\msvc\shuffle\shuffle.c(30): warning C4996: 'strcpy': This function or variable may be unsafe. Consider using strcpy_s instead. To disable deprecation, use _CRT_SECURE_NO_WARNINGS. See online help for details.
                 c:\program files (x86)\microsoft visual studio 10.0\vc\include\string.h(105) : see declaration of 'strcpy'
     1>c:\users\abr\recommender\recommender\msvc\shuffle\shuffle.c(31): warning C4996: 'strcpy': This function or variable may be unsafe. Consider using strcpy_s instead. To disable deprecation, use _CRT_SECURE_NO_WARNINGS. See online help for details.
                 c:\program files (x86)\microsoft visual studio 10.0\vc\include\string.h(105) : see declaration of 'strcpy'
     1>c:\users\abr\recommender\recommender\msvc\shuffle\shuffle.c(32): warning C4996: 'fopen': This function or variable may be unsafe. Consider using fopen_s instead. To disable deprecation, use _CRT_SECURE_NO_WARNINGS. See online help for details.
                 c:\program files (x86)\microsoft visual studio 10.0\vc\include\stdio.h(234) : see declaration of 'fopen'
     1>c:\users\abr\recommender\recommender\msvc\shuffle\shuffle.c(33): warning C4996: 'fopen': This function or variable may be unsafe. Consider using fopen_s instead. To disable deprecation, use _CRT_SECURE_NO_WARNINGS. See online help for details.
                 c:\program files (x86)\microsoft visual studio 10.0\vc\include\stdio.h(234) : see declaration of 'fopen'
     1>c:\users\abr\recommender\recommender\msvc\shuffle\shuffle.c(37): warning C4996: 'fscanf': This function or variable may be unsafe. Consider using fscanf_s instead. To disable deprecation, use _CRT_SECURE_NO_WARNINGS. See online help for details.
                 c:\program files (x86)\microsoft visual studio 10.0\vc\include\stdio.h(253) : see declaration of 'fscanf'
     1>c:\users\abr\recommender\recommender\msvc\shuffle\shuffle.c(43): warning C4244: 'function' : conversion from 'time_t' to 'unsigned int', possible loss of data
         rating.c
         Generating Code...
       ManifestResourceCompile:
         c:\Program Files (x86)\Microsoft SDKs\Windows\v7.0A\bin\rc.exe /nologo /fo"Debug\Shuffle.exe.embed.manifest.res" Debug\Shuffle_manifest.rc 
       Link:
         c:\Program Files (x86)\Microsoft Visual Studio 10.0\VC\bin\link.exe /ERRORREPORT:PROMPT /OUT:"C:\Users\abr\Recommender\Recommender\msvc\Debug\Shuffle.exe" /INCREMENTAL /NOLOGO kernel32.lib user32.lib gdi32.lib winspool.lib comdlg32.lib advapi32.lib shell32.lib ole32.lib oleaut32.lib uuid.lib odbc32.lib odbccp32.lib /MANIFEST /ManifestFile:"Debug\Shuffle.exe.intermediate.manifest" /MANIFESTUAC:"level='asInvoker' uiAccess='false'" /DEBUG /PDB:"C:\Users\abr\Recommender\Recommender\msvc\Debug\Shuffle.pdb" /SUBSYSTEM:CONSOLE /TLBID:1 /DYNAMICBASE /NXCOMPAT /IMPLIB:"C:\Users\abr\Recommender\Recommender\msvc\Debug\Shuffle.lib" /MACHINE:X86 Debug\Shuffle.exe.embed.manifest.res
         Debug\rating.obj
         Debug\shuffle.obj
       Manifest:
         Deleting file "Debug\Shuffle.exe.embed.manifest".
         c:\Program Files (x86)\Microsoft SDKs\Windows\v7.0A\bin\mt.exe /nologo /verbose /out:"Debug\Shuffle.exe.embed.manifest" /manifest Debug\Shuffle.exe.intermediate.manifest
         c:\Program Files (x86)\Microsoft SDKs\Windows\v7.0A\bin\rc.exe /nologo /fo"Debug\Shuffle.exe.embed.manifest.res" Debug\Shuffle_manifest.rc 
       LinkEmbedManifest:
         c:\Program Files (x86)\Microsoft Visual Studio 10.0\VC\bin\link.exe /ERRORREPORT:PROMPT /OUT:"C:\Users\abr\Recommender\Recommender\msvc\Debug\Shuffle.exe" /INCREMENTAL /NOLOGO kernel32.lib user32.lib gdi32.lib winspool.lib comdlg32.lib advapi32.lib shell32.lib ole32.lib oleaut32.lib uuid.lib odbc32.lib odbccp32.lib /MANIFEST /ManifestFile:"Debug\Shuffle.exe.intermediate.manifest" /MANIFESTUAC:"level='asInvoker' uiAccess='false'" /DEBUG /PDB:"C:\Users\abr\Recommender\Recommender\msvc\Debug\Shuffle.pdb" /SUBSYSTEM:CONSOLE /TLBID:1 /DYNAMICBASE /NXCOMPAT /IMPLIB:"C:\Users\abr\Recommender\Recommender\msvc\Debug\Shuffle.lib" /MACHINE:X86 Debug\Shuffle.exe.embed.manifest.res
         Debug\rating.obj
         Debug\shuffle.obj
         Shuffle.vcxproj -> C:\Users\abr\Recommender\Recommender\msvc\Debug\Shuffle.exe
       FinalizeBuildStatus:
         Deleting file "Debug\Shuffle.unsuccessfulbuild".
         Touching "Debug\Shuffle.lastbuildstate".
     1>Done Building Project "C:\Users\abr\Recommender\Recommender\msvc\Shuffle\Shuffle.vcxproj" (rebuild target(s)).

Build succeeded.

Time Elapsed 00:00:01.42
