C:\USERS\ABR\RECOMMENDER\RECOMMENDER\MSVC\DEBUG\LIBRECOMMENDER.LIB
C:\Users\abr\Recommender\Recommender\msvc\LibRecommender\Debug\cl.command.1.tlog
C:\Users\abr\Recommender\Recommender\msvc\LibRecommender\Debug\CL.read.1.tlog
C:\Users\abr\Recommender\Recommender\msvc\LibRecommender\Debug\CL.write.1.tlog
C:\USERS\ABR\RECOMMENDER\RECOMMENDER\MSVC\LIBRECOMMENDER\DEBUG\FLOAT_TESTER.OBJ
C:\USERS\ABR\RECOMMENDER\RECOMMENDER\MSVC\LIBRECOMMENDER\DEBUG\LEARNED_FACTORS.OBJ
C:\Users\abr\Recommender\Recommender\msvc\LibRecommender\Debug\lib.command.1.tlog
C:\Users\abr\Recommender\Recommender\msvc\LibRecommender\Debug\Lib-link.read.1.tlog
C:\Users\abr\Recommender\Recommender\msvc\LibRecommender\Debug\Lib-link.write.1.tlog
C:\USERS\ABR\RECOMMENDER\RECOMMENDER\MSVC\LIBRECOMMENDER\DEBUG\MATRIX_FACTORIZATION.OBJ
C:\USERS\ABR\RECOMMENDER\RECOMMENDER\MSVC\LIBRECOMMENDER\DEBUG\MATRIX_FACTORIZATION_BIAS.OBJ
C:\USERS\ABR\RECOMMENDER\RECOMMENDER\MSVC\LIBRECOMMENDER\DEBUG\PROJECTION.OBJ
C:\USERS\ABR\RECOMMENDER\RECOMMENDER\MSVC\LIBRECOMMENDER\DEBUG\PROJECTION_FAMILY.OBJ
C:\USERS\ABR\RECOMMENDER\RECOMMENDER\MSVC\LIBRECOMMENDER\DEBUG\RECOMMENDED_ITEMS.OBJ
C:\USERS\ABR\RECOMMENDER\RECOMMENDER\MSVC\LIBRECOMMENDER\DEBUG\RECOMMENDER.OBJ
C:\USERS\ABR\RECOMMENDER\RECOMMENDER\MSVC\LIBRECOMMENDER\DEBUG\RED_BLACK_TREE.OBJ
C:\USERS\ABR\RECOMMENDER\RECOMMENDER\MSVC\LIBRECOMMENDER\DEBUG\SPARSE_MATRIX.OBJ
C:\USERS\ABR\RECOMMENDER\RECOMMENDER\MSVC\LIBRECOMMENDER\DEBUG\SPARSE_MATRIX_HASH.OBJ
C:\USERS\ABR\RECOMMENDER\RECOMMENDER\MSVC\LIBRECOMMENDER\DEBUG\STANDARD_NORMAL.OBJ
C:\USERS\ABR\RECOMMENDER\RECOMMENDER\MSVC\LIBRECOMMENDER\DEBUG\TRAINING_SET.OBJ
C:\USERS\ABR\RECOMMENDER\RECOMMENDER\MSVC\LIBRECOMMENDER\DEBUG\UTILS.OBJ
C:\Users\abr\Recommender\Recommender\msvc\LibRecommender\Debug\vc100.idb
C:\USERS\ABR\RECOMMENDER\RECOMMENDER\MSVC\LIBRECOMMENDER\DEBUG\VC100.PDB
