Build started 27/02/2013 11:26:21.
     1>Project "C:\Users\gha\Dropbox\github\ST\Recommender\msvc\LibRecommender\LibRecommender.vcxproj" on node 2 (build target(s)).
     1>InitializeBuildStatus:
         Creating "Debug\LibRecommender.unsuccessfulbuild" because "AlwaysCreate" was specified.
       ClCompile:
         c:\Program Files (x86)\Microsoft Visual Studio 10.0\VC\bin\CL.exe /c /ZI /nologo /Wall /WX- /Od /Oy- /D WIN32 /D _DEBUG /D _LIB /D _UNICODE /D UNICODE /Gm /EHsc /RTC1 /MDd /GS /fp:precise /Zc:wchar_t /Zc:forScope /Fo"Debug\\" /Fd"Debug\vc100.pdb" /Gd /TC /analyze- /errorReport:prompt ..\..\projection_family.c ..\..\sparse_matrix_hash.c
         sparse_matrix_hash.c
         projection_family.c
         Generating Code...
       Lib:
         c:\Program Files (x86)\Microsoft Visual Studio 10.0\VC\bin\Lib.exe /OUT:"C:\Users\gha\Dropbox\github\ST\Recommender\msvc\Debug\LibRecommender.lib" /NOLOGO Debug\float_tester.obj
         Debug\learned_factors.obj
         Debug\matrix_factorization.obj
         Debug\matrix_factorization_bias.obj
         Debug\projection.obj
         Debug\projection_family.obj
         Debug\recommended_items.obj
         Debug\recommender.obj
         Debug\red_black_tree.obj
         Debug\sparse_matrix.obj
         Debug\sparse_matrix_hash.obj
         Debug\standard_normal.obj
         Debug\training_set.obj
         Debug\utils.obj
         LibRecommender.vcxproj -> C:\Users\gha\Dropbox\github\ST\Recommender\msvc\Debug\LibRecommender.lib
       FinalizeBuildStatus:
         Deleting file "Debug\LibRecommender.unsuccessfulbuild".
         Touching "Debug\LibRecommender.lastbuildstate".
     1>Done Building Project "C:\Users\gha\Dropbox\github\ST\Recommender\msvc\LibRecommender\LibRecommender.vcxproj" (build target(s)).

Build succeeded.

Time Elapsed 00:00:00.59
