Build started 2/26/2013 2:12:20 PM.
     1>Project "C:\Users\abr\Recommender\Recommender\msvc\kfold\kfold.vcxproj" on node 3 (build target(s)).
     1>InitializeBuildStatus:
         Creating "Debug\kfold.unsuccessfulbuild" because "AlwaysCreate" was specified.
       ClCompile:
         c:\Program Files (x86)\Microsoft Visual Studio 10.0\VC\bin\CL.exe /c /ZI /nologo /Wall /WX- /Od /Oy- /D WIN32 /D _DEBUG /D _CONSOLE /D _UNICODE /D UNICODE /Gm /EHsc /RTC1 /MDd /GS /fp:precise /Zc:wchar_t /Zc:forScope /Fo"Debug\\" /Fd"Debug\vc100.pdb" /Gd /TC /analyze- /errorReport:prompt ..\..\kfold\k_fold_rmse.c
         k_fold_rmse.c
       ManifestResourceCompile:
         All outputs are up-to-date.
       Link:
         c:\Program Files (x86)\Microsoft Visual Studio 10.0\VC\bin\link.exe /ERRORREPORT:PROMPT /OUT:"C:\Users\abr\Recommender\Recommender\msvc\Debug\kfold.exe" /INCREMENTAL /NOLOGO /LIBPATH:C:\Users\abr\Recommender\Recommender\msvc\Debug\ LibRecommender.lib kernel32.lib user32.lib gdi32.lib winspool.lib comdlg32.lib advapi32.lib shell32.lib ole32.lib oleaut32.lib uuid.lib odbc32.lib odbccp32.lib /MANIFEST /ManifestFile:"Debug\kfold.exe.intermediate.manifest" /MANIFESTUAC:"level='asInvoker' uiAccess='false'" /DEBUG /PDB:"C:\Users\abr\Recommender\Recommender\msvc\Debug\kfold.pdb" /SUBSYSTEM:CONSOLE /TLBID:1 /DYNAMICBASE /NXCOMPAT /IMPLIB:"C:\Users\abr\Recommender\Recommender\msvc\Debug\kfold.lib" /MACHINE:X86 Debug\kfold.exe.embed.manifest.res
         Debug\data_set.obj
         Debug\find_minimum_tsearch.obj
         Debug\k_fold_rmse.obj
         Debug\k_fold_test.obj
         Debug\Simulated_annealing.obj
       Manifest:
         c:\Program Files (x86)\Microsoft SDKs\Windows\v7.0A\bin\mt.exe /nologo /verbose /out:"Debug\kfold.exe.embed.manifest" /manifest Debug\kfold.exe.intermediate.manifest
         All outputs are up-to-date.
       LinkEmbedManifest:
         All outputs are up-to-date.
         kfold.vcxproj -> C:\Users\abr\Recommender\Recommender\msvc\Debug\kfold.exe
       FinalizeBuildStatus:
         Deleting file "Debug\kfold.unsuccessfulbuild".
         Touching "Debug\kfold.lastbuildstate".
     1>Done Building Project "C:\Users\abr\Recommender\Recommender\msvc\kfold\kfold.vcxproj" (build target(s)).

Build succeeded.

Time Elapsed 00:00:01.38
