C:\USERS\ABR\RECOMMENDER\RECOMMENDER\MSVC\DEBUG\KFOLD.EXE
C:\USERS\ABR\RECOMMENDER\RECOMMENDER\MSVC\DEBUG\KFOLD.ILK
C:\USERS\ABR\RECOMMENDER\RECOMMENDER\MSVC\DEBUG\KFOLD.PDB
C:\Users\abr\Recommender\Recommender\msvc\kfold\Debug\cl.command.1.tlog
C:\Users\abr\Recommender\Recommender\msvc\kfold\Debug\CL.read.1.tlog
C:\Users\abr\Recommender\Recommender\msvc\kfold\Debug\CL.write.1.tlog
C:\USERS\ABR\RECOMMENDER\RECOMMENDER\MSVC\KFOLD\DEBUG\DATA_SET.OBJ
C:\USERS\ABR\RECOMMENDER\RECOMMENDER\MSVC\KFOLD\DEBUG\FIND_MINIMUM_TSEARCH.OBJ
C:\USERS\ABR\RECOMMENDER\RECOMMENDER\MSVC\KFOLD\DEBUG\K_FOLD_RMSE.OBJ
C:\USERS\ABR\RECOMMENDER\RECOMMENDER\MSVC\KFOLD\DEBUG\K_FOLD_TEST.OBJ
C:\USERS\ABR\RECOMMENDER\RECOMMENDER\MSVC\KFOLD\DEBUG\KFOLD.EXE.EMBED.MANIFEST
C:\USERS\ABR\RECOMMENDER\RECOMMENDER\MSVC\KFOLD\DEBUG\KFOLD.EXE.EMBED.MANIFEST.RES
C:\USERS\ABR\RECOMMENDER\RECOMMENDER\MSVC\KFOLD\DEBUG\KFOLD.EXE.INTERMEDIATE.MANIFEST
C:\Users\abr\Recommender\Recommender\msvc\kfold\Debug\kfold_manifest.rc
C:\Users\abr\Recommender\Recommender\msvc\kfold\Debug\link.1456.read.1.tlog
C:\Users\abr\Recommender\Recommender\msvc\kfold\Debug\link.1456.write.1.tlog
C:\Users\abr\Recommender\Recommender\msvc\kfold\Debug\link.1456-cvtres.read.1.tlog
C:\Users\abr\Recommender\Recommender\msvc\kfold\Debug\link.1456-cvtres.write.1.tlog
C:\Users\abr\Recommender\Recommender\msvc\kfold\Debug\link.2108.read.1.tlog
C:\Users\abr\Recommender\Recommender\msvc\kfold\Debug\link.2108.write.1.tlog
C:\Users\abr\Recommender\Recommender\msvc\kfold\Debug\link.2108-cvtres.read.1.tlog
C:\Users\abr\Recommender\Recommender\msvc\kfold\Debug\link.2108-cvtres.write.1.tlog
C:\Users\abr\Recommender\Recommender\msvc\kfold\Debug\link.2224.read.1.tlog
C:\Users\abr\Recommender\Recommender\msvc\kfold\Debug\link.2224.write.1.tlog
C:\Users\abr\Recommender\Recommender\msvc\kfold\Debug\link.2224-cvtres.read.1.tlog
C:\Users\abr\Recommender\Recommender\msvc\kfold\Debug\link.2224-cvtres.write.1.tlog
C:\Users\abr\Recommender\Recommender\msvc\kfold\Debug\link.2496.read.1.tlog
C:\Users\abr\Recommender\Recommender\msvc\kfold\Debug\link.2496.write.1.tlog
C:\Users\abr\Recommender\Recommender\msvc\kfold\Debug\link.2496-cvtres.read.1.tlog
C:\Users\abr\Recommender\Recommender\msvc\kfold\Debug\link.2496-cvtres.write.1.tlog
C:\Users\abr\Recommender\Recommender\msvc\kfold\Debug\link.2684.read.1.tlog
C:\Users\abr\Recommender\Recommender\msvc\kfold\Debug\link.2684.write.1.tlog
C:\Users\abr\Recommender\Recommender\msvc\kfold\Debug\link.2684-cvtres.read.1.tlog
C:\Users\abr\Recommender\Recommender\msvc\kfold\Debug\link.2684-cvtres.write.1.tlog
C:\Users\abr\Recommender\Recommender\msvc\kfold\Debug\link.2704.read.1.tlog
C:\Users\abr\Recommender\Recommender\msvc\kfold\Debug\link.2704.write.1.tlog
C:\Users\abr\Recommender\Recommender\msvc\kfold\Debug\link.2704-cvtres.read.1.tlog
C:\Users\abr\Recommender\Recommender\msvc\kfold\Debug\link.2704-cvtres.write.1.tlog
C:\Users\abr\Recommender\Recommender\msvc\kfold\Debug\link.2832.read.1.tlog
C:\Users\abr\Recommender\Recommender\msvc\kfold\Debug\link.2832.write.1.tlog
C:\Users\abr\Recommender\Recommender\msvc\kfold\Debug\link.2832-cvtres.read.1.tlog
C:\Users\abr\Recommender\Recommender\msvc\kfold\Debug\link.2832-cvtres.write.1.tlog
C:\Users\abr\Recommender\Recommender\msvc\kfold\Debug\link.2996.read.1.tlog
C:\Users\abr\Recommender\Recommender\msvc\kfold\Debug\link.2996.write.1.tlog
C:\Users\abr\Recommender\Recommender\msvc\kfold\Debug\link.2996-cvtres.read.1.tlog
C:\Users\abr\Recommender\Recommender\msvc\kfold\Debug\link.2996-cvtres.write.1.tlog
C:\Users\abr\Recommender\Recommender\msvc\kfold\Debug\link.3088.read.1.tlog
C:\Users\abr\Recommender\Recommender\msvc\kfold\Debug\link.3088.write.1.tlog
C:\Users\abr\Recommender\Recommender\msvc\kfold\Debug\link.3088-cvtres.read.1.tlog
C:\Users\abr\Recommender\Recommender\msvc\kfold\Debug\link.3088-cvtres.write.1.tlog
C:\Users\abr\Recommender\Recommender\msvc\kfold\Debug\link.3124.read.1.tlog
C:\Users\abr\Recommender\Recommender\msvc\kfold\Debug\link.3124.write.1.tlog
C:\Users\abr\Recommender\Recommender\msvc\kfold\Debug\link.3124-cvtres.read.1.tlog
C:\Users\abr\Recommender\Recommender\msvc\kfold\Debug\link.3124-cvtres.write.1.tlog
C:\Users\abr\Recommender\Recommender\msvc\kfold\Debug\link.3468.read.1.tlog
C:\Users\abr\Recommender\Recommender\msvc\kfold\Debug\link.3468.write.1.tlog
C:\Users\abr\Recommender\Recommender\msvc\kfold\Debug\link.3468-cvtres.read.1.tlog
C:\Users\abr\Recommender\Recommender\msvc\kfold\Debug\link.3468-cvtres.write.1.tlog
C:\Users\abr\Recommender\Recommender\msvc\kfold\Debug\link.3604.read.1.tlog
C:\Users\abr\Recommender\Recommender\msvc\kfold\Debug\link.3604.write.1.tlog
C:\Users\abr\Recommender\Recommender\msvc\kfold\Debug\link.3604-cvtres.read.1.tlog
C:\Users\abr\Recommender\Recommender\msvc\kfold\Debug\link.3604-cvtres.write.1.tlog
C:\Users\abr\Recommender\Recommender\msvc\kfold\Debug\link.3660.read.1.tlog
C:\Users\abr\Recommender\Recommender\msvc\kfold\Debug\link.3660.write.1.tlog
C:\Users\abr\Recommender\Recommender\msvc\kfold\Debug\link.3660-cvtres.read.1.tlog
C:\Users\abr\Recommender\Recommender\msvc\kfold\Debug\link.3660-cvtres.write.1.tlog
C:\Users\abr\Recommender\Recommender\msvc\kfold\Debug\link.3668.read.1.tlog
C:\Users\abr\Recommender\Recommender\msvc\kfold\Debug\link.3668.write.1.tlog
C:\Users\abr\Recommender\Recommender\msvc\kfold\Debug\link.3668-cvtres.read.1.tlog
C:\Users\abr\Recommender\Recommender\msvc\kfold\Debug\link.3668-cvtres.write.1.tlog
C:\Users\abr\Recommender\Recommender\msvc\kfold\Debug\link.3688.read.1.tlog
C:\Users\abr\Recommender\Recommender\msvc\kfold\Debug\link.3688.write.1.tlog
C:\Users\abr\Recommender\Recommender\msvc\kfold\Debug\link.3688-cvtres.read.1.tlog
C:\Users\abr\Recommender\Recommender\msvc\kfold\Debug\link.3688-cvtres.write.1.tlog
C:\Users\abr\Recommender\Recommender\msvc\kfold\Debug\link.3936.read.1.tlog
C:\Users\abr\Recommender\Recommender\msvc\kfold\Debug\link.3936.write.1.tlog
C:\Users\abr\Recommender\Recommender\msvc\kfold\Debug\link.3936-cvtres.read.1.tlog
C:\Users\abr\Recommender\Recommender\msvc\kfold\Debug\link.3936-cvtres.write.1.tlog
C:\Users\abr\Recommender\Recommender\msvc\kfold\Debug\link.3964.read.1.tlog
C:\Users\abr\Recommender\Recommender\msvc\kfold\Debug\link.3964.write.1.tlog
C:\Users\abr\Recommender\Recommender\msvc\kfold\Debug\link.3964-cvtres.read.1.tlog
C:\Users\abr\Recommender\Recommender\msvc\kfold\Debug\link.3964-cvtres.write.1.tlog
C:\Users\abr\Recommender\Recommender\msvc\kfold\Debug\link.3968.read.1.tlog
C:\Users\abr\Recommender\Recommender\msvc\kfold\Debug\link.3968.write.1.tlog
C:\Users\abr\Recommender\Recommender\msvc\kfold\Debug\link.3968-cvtres.read.1.tlog
C:\Users\abr\Recommender\Recommender\msvc\kfold\Debug\link.3968-cvtres.write.1.tlog
C:\Users\abr\Recommender\Recommender\msvc\kfold\Debug\link.4064.read.1.tlog
C:\Users\abr\Recommender\Recommender\msvc\kfold\Debug\link.4064.write.1.tlog
C:\Users\abr\Recommender\Recommender\msvc\kfold\Debug\link.4064-cvtres.read.1.tlog
C:\Users\abr\Recommender\Recommender\msvc\kfold\Debug\link.4064-cvtres.write.1.tlog
C:\Users\abr\Recommender\Recommender\msvc\kfold\Debug\link.4080.read.1.tlog
C:\Users\abr\Recommender\Recommender\msvc\kfold\Debug\link.4080.write.1.tlog
C:\Users\abr\Recommender\Recommender\msvc\kfold\Debug\link.4080-cvtres.read.1.tlog
C:\Users\abr\Recommender\Recommender\msvc\kfold\Debug\link.4080-cvtres.write.1.tlog
C:\Users\abr\Recommender\Recommender\msvc\kfold\Debug\link.command.1.tlog
C:\Users\abr\Recommender\Recommender\msvc\kfold\Debug\link.read.1.tlog
C:\Users\abr\Recommender\Recommender\msvc\kfold\Debug\link.write.1.tlog
C:\Users\abr\Recommender\Recommender\msvc\kfold\Debug\link-cvtres.read.1.tlog
C:\Users\abr\Recommender\Recommender\msvc\kfold\Debug\link-cvtres.write.1.tlog
C:\Users\abr\Recommender\Recommender\msvc\kfold\Debug\mt.command.1.tlog
C:\Users\abr\Recommender\Recommender\msvc\kfold\Debug\mt.read.1.tlog
C:\Users\abr\Recommender\Recommender\msvc\kfold\Debug\mt.write.1.tlog
C:\Users\abr\Recommender\Recommender\msvc\kfold\Debug\rc.command.1.tlog
C:\Users\abr\Recommender\Recommender\msvc\kfold\Debug\rc.read.1.tlog
C:\Users\abr\Recommender\Recommender\msvc\kfold\Debug\rc.write.1.tlog
C:\USERS\ABR\RECOMMENDER\RECOMMENDER\MSVC\KFOLD\DEBUG\SIMULATED_ANNEALING.OBJ
C:\Users\abr\Recommender\Recommender\msvc\kfold\Debug\vc100.idb
C:\USERS\ABR\RECOMMENDER\RECOMMENDER\MSVC\KFOLD\DEBUG\VC100.PDB
